<?xml version="1.0" encoding="UTF-8"?>
<testsuites name="5 test case login" time="125.55" tests="5" failures="0" errors="0">
   <testsuite name="5 test case login" tests="5" failures="0" errors="0" time="125.55" timestamp="2020-10-14 11:01:14" hostname="Phap Minh - TUF-A15" id="Test Suites/5 test case login">
      <properties>
         <property name="deviceName" value=""/>
         <property name="devicePlatform" value=""/>
         <property name="logFolder" value="D:\\HCMUE\\2021_HK1\\Test\\ST_LAB2\\Reports\\20201014_110110\\5 test case login\\20201014_110110"/>
         <property name="logFiles" value="D:\\HCMUE\\2021_HK1\\Test\\ST_LAB2\\Reports\\20201014_110110\\5 test case login\\20201014_110110\\execution0.log"/>
         <property name="attachments" value=""/>
         <property name="hostName" value="Phap Minh - TUF-A15"/>
         <property name="os" value="Windows 10 64bit"/>
         <property name="katalonVersion" value="7.7.1.205"/>
         <property name="browser" value="Chrome 86.0.4240.75"/>
         <property name="hostAddress" value="192.168.31.202"/>
         <property name="sessionId" value="a1d41244cfed43aec02ca57ee2740d87"/>
         <property name="seleniumVersion" value="3.141.59"/>
         <property name="proxyInformation" value="ProxyInformation { proxyOption=NO_PROXY, proxyServerType=HTTP, username=, password=********, proxyServerAddress=, proxyServerPort=0, executionList=&quot;&quot;, isApplyToDesiredCapabilities=true }"/>
         <property name="platform" value="Windows 10"/>
      </properties>
      <testcase name="Test Cases/empty" time="32.869" classname="Test Cases/empty" status="PASSED">
         <system-out><![CDATA[2020-10-14 11:01:14 - [TEST_CASE][PASSED] - Test Cases/empty: Test Cases/empty

2020-10-14 11:01:15 - [TEST_STEP][PASSED] - openBrowser(""): Browser is opened with url: ''

2020-10-14 11:01:16 - [MESSAGE][INFO] - Starting 'Chrome' driver

2020-10-14 11:01:16 - [MESSAGE][INFO] - Action delay is set to 0 milliseconds

2020-10-14 11:01:21 - [MESSAGE][PASSED] - Browser is opened with url: ''

2020-10-14 11:01:21 - [TEST_STEP][PASSED] - navigateToUrl(url_test): Navigate to 'https://katalon-demo-cura.herokuapp.com/' successfully

2020-10-14 11:01:32 - [MESSAGE][PASSED] - Navigate to 'https://katalon-demo-cura.herokuapp.com/' successfully

2020-10-14 11:01:32 - [TEST_STEP][PASSED] - click(findTestObject("Object Repository/Page_CURA Healthcare Service/i_CURA Healthcare_fa fa-bars")): Object: 'Object Repository/Page_CURA Healthcare Service/i_CURA Healthcare_fa fa-bars' is clicked on

2020-10-14 11:01:32 - [MESSAGE][PASSED] - Object: 'Object Repository/Page_CURA Healthcare Service/i_CURA Healthcare_fa fa-bars' is clicked on

2020-10-14 11:01:32 - [TEST_STEP][PASSED] - click(findTestObject("Object Repository/Page_CURA Healthcare Service/a_Login")): Object: 'Object Repository/Page_CURA Healthcare Service/a_Login' is clicked on

2020-10-14 11:01:34 - [MESSAGE][PASSED] - Object: 'Object Repository/Page_CURA Healthcare Service/a_Login' is clicked on

2020-10-14 11:01:34 - [TEST_STEP][PASSED] - click(findTestObject("Object Repository/Page_CURA Healthcare Service/button_Login")): Object: 'Object Repository/Page_CURA Healthcare Service/button_Login' is clicked on

2020-10-14 11:01:35 - [MESSAGE][PASSED] - Object: 'Object Repository/Page_CURA Healthcare Service/button_Login' is clicked on

2020-10-14 11:01:35 - [TEST_STEP][PASSED] - waitForElementNotPresent(findTestObject("Page_CURA Healthcare Service/p_Login failed Please ensure the username a_eb55b5"), 10): Web element with id: 'Object Repository/Page_CURA Healthcare Service/p_Login failed Please ensure the username a_eb55b5' located by 'By.xpath: //section[@id='login']/div/div/div/p[2]' is present after '10' second(s)

2020-10-14 11:01:46 - [MESSAGE][WARNING] - Web element with id: 'Object Repository/Page_CURA Healthcare Service/p_Login failed Please ensure the username a_eb55b5' located by 'By.xpath: //section[@id='login']/div/div/div/p[2]' is present after '10' second(s)

2020-10-14 11:01:46 - [TEST_STEP][PASSED] - verifyElementText(findTestObject("Object Repository/Page_CURA Healthcare Service/p_Login failed Please ensure the username a_eb55b5"), "Login failed! Please ensure the username and password are valid."): Actual text and expected text of test object 'Object Repository/Page_CURA Healthcare Service/p_Login failed Please ensure the username a_eb55b5' are matched.

2020-10-14 11:01:46 - [MESSAGE][PASSED] - Actual text and expected text of test object 'Object Repository/Page_CURA Healthcare Service/p_Login failed Please ensure the username a_eb55b5' are matched.

2020-10-14 11:01:46 - [TEST_STEP][PASSED] - closeBrowser(): Browser is closed

2020-10-14 11:01:47 - [MESSAGE][PASSED] - Browser is closed]]></system-out>
         <system-err><![CDATA[]]></system-err>
      </testcase>
      <testcase name="Test Cases/id_false pw_false" time="25.715" classname="Test Cases/id_false pw_false" status="PASSED">
         <system-out><![CDATA[2020-10-14 11:01:47 - [TEST_CASE][PASSED] - Test Cases/id_false pw_false: Test Cases/id_false pw_false

2020-10-14 11:01:48 - [TEST_STEP][PASSED] - openBrowser(""): Browser is opened with url: ''

2020-10-14 11:01:48 - [MESSAGE][INFO] - Starting 'Chrome' driver

2020-10-14 11:01:48 - [MESSAGE][INFO] - Action delay is set to 0 milliseconds

2020-10-14 11:01:51 - [MESSAGE][PASSED] - Browser is opened with url: ''

2020-10-14 11:01:51 - [TEST_STEP][PASSED] - navigateToUrl(url_test): Navigate to 'https://katalon-demo-cura.herokuapp.com/' successfully

2020-10-14 11:01:56 - [MESSAGE][PASSED] - Navigate to 'https://katalon-demo-cura.herokuapp.com/' successfully

2020-10-14 11:01:56 - [TEST_STEP][PASSED] - click(findTestObject("Object Repository/Page_CURA Healthcare Service/a_CURA Healthcare_menu-toggle")): Object: 'Object Repository/Page_CURA Healthcare Service/a_CURA Healthcare_menu-toggle' is clicked on

2020-10-14 11:01:57 - [MESSAGE][PASSED] - Object: 'Object Repository/Page_CURA Healthcare Service/a_CURA Healthcare_menu-toggle' is clicked on

2020-10-14 11:01:57 - [TEST_STEP][PASSED] - click(findTestObject("Object Repository/Page_CURA Healthcare Service/a_Login")): Object: 'Object Repository/Page_CURA Healthcare Service/a_Login' is clicked on

2020-10-14 11:01:58 - [MESSAGE][PASSED] - Object: 'Object Repository/Page_CURA Healthcare Service/a_Login' is clicked on

2020-10-14 11:01:58 - [TEST_STEP][PASSED] - setText(findTestObject("Object Repository/Page_CURA Healthcare Service/input_Username_username"), id_false_test): Text 'phapnm' is set on object 'Object Repository/Page_CURA Healthcare Service/input_Username_username'

2020-10-14 11:01:59 - [MESSAGE][PASSED] - Text 'phapnm' is set on object 'Object Repository/Page_CURA Healthcare Service/input_Username_username'

2020-10-14 11:01:59 - [TEST_STEP][PASSED] - setEncryptedText(findTestObject("Object Repository/Page_CURA Healthcare Service/input_Password_password"), "P9ET2sDE0SE="): Text ****** has been set on object 'Object Repository/Page_CURA Healthcare Service/input_Password_password'

2020-10-14 11:02:00 - [MESSAGE][PASSED] - Text ****** has been set on object 'Object Repository/Page_CURA Healthcare Service/input_Password_password'

2020-10-14 11:02:00 - [TEST_STEP][PASSED] - click(findTestObject("Object Repository/Page_CURA Healthcare Service/button_Login")): Object: 'Object Repository/Page_CURA Healthcare Service/button_Login' is clicked on

2020-10-14 11:02:01 - [MESSAGE][PASSED] - Object: 'Object Repository/Page_CURA Healthcare Service/button_Login' is clicked on

2020-10-14 11:02:01 - [TEST_STEP][PASSED] - waitForElementNotPresent(findTestObject("Object Repository/Page_CURA Healthcare Service/p_Login failed Please ensure the username a_eb55b5"), 10): Web element with id: 'Object Repository/Page_CURA Healthcare Service/p_Login failed Please ensure the username a_eb55b5' located by 'By.xpath: //section[@id='login']/div/div/div/p[2]' is present after '10' second(s)

2020-10-14 11:02:12 - [MESSAGE][WARNING] - Web element with id: 'Object Repository/Page_CURA Healthcare Service/p_Login failed Please ensure the username a_eb55b5' located by 'By.xpath: //section[@id='login']/div/div/div/p[2]' is present after '10' second(s)

2020-10-14 11:02:12 - [TEST_STEP][PASSED] - verifyElementText(findTestObject("Page_CURA Healthcare Service/p_Login failed Please ensure the username a_eb55b5"), "Login failed! Please ensure the username and password are valid."): Actual text and expected text of test object 'Object Repository/Page_CURA Healthcare Service/p_Login failed Please ensure the username a_eb55b5' are matched.

2020-10-14 11:02:12 - [MESSAGE][PASSED] - Actual text and expected text of test object 'Object Repository/Page_CURA Healthcare Service/p_Login failed Please ensure the username a_eb55b5' are matched.

2020-10-14 11:02:12 - [TEST_STEP][PASSED] - closeBrowser(): Browser is closed

2020-10-14 11:02:13 - [MESSAGE][PASSED] - Browser is closed]]></system-out>
         <system-err><![CDATA[]]></system-err>
      </testcase>
      <testcase name="Test Cases/id_false pw_true" time="24.458" classname="Test Cases/id_false pw_true" status="PASSED">
         <system-out><![CDATA[2020-10-14 11:02:13 - [TEST_CASE][PASSED] - Test Cases/id_false pw_true: Test Cases/id_false pw_true

2020-10-14 11:02:13 - [TEST_STEP][PASSED] - openBrowser(""): Browser is opened with url: ''

2020-10-14 11:02:13 - [MESSAGE][INFO] - Starting 'Chrome' driver

2020-10-14 11:02:13 - [MESSAGE][INFO] - Action delay is set to 0 milliseconds

2020-10-14 11:02:17 - [MESSAGE][PASSED] - Browser is opened with url: ''

2020-10-14 11:02:17 - [TEST_STEP][PASSED] - navigateToUrl(url_test): Navigate to 'https://katalon-demo-cura.herokuapp.com/' successfully

2020-10-14 11:02:20 - [MESSAGE][PASSED] - Navigate to 'https://katalon-demo-cura.herokuapp.com/' successfully

2020-10-14 11:02:20 - [TEST_STEP][PASSED] - click(findTestObject("Object Repository/Page_CURA Healthcare Service/a_CURA Healthcare_menu-toggle")): Object: 'Object Repository/Page_CURA Healthcare Service/a_CURA Healthcare_menu-toggle' is clicked on

2020-10-14 11:02:21 - [MESSAGE][PASSED] - Object: 'Object Repository/Page_CURA Healthcare Service/a_CURA Healthcare_menu-toggle' is clicked on

2020-10-14 11:02:21 - [TEST_STEP][PASSED] - click(findTestObject("Object Repository/Page_CURA Healthcare Service/a_Login")): Object: 'Object Repository/Page_CURA Healthcare Service/a_Login' is clicked on

2020-10-14 11:02:23 - [MESSAGE][PASSED] - Object: 'Object Repository/Page_CURA Healthcare Service/a_Login' is clicked on

2020-10-14 11:02:23 - [TEST_STEP][PASSED] - setText(findTestObject("Object Repository/Page_CURA Healthcare Service/input_Username_username"), id_false_test): Text 'phapnm' is set on object 'Object Repository/Page_CURA Healthcare Service/input_Username_username'

2020-10-14 11:02:24 - [MESSAGE][PASSED] - Text 'phapnm' is set on object 'Object Repository/Page_CURA Healthcare Service/input_Username_username'

2020-10-14 11:02:24 - [TEST_STEP][PASSED] - setEncryptedText(findTestObject("Object Repository/Page_CURA Healthcare Service/input_Password_password"), "g3/DOGG74jC3Flrr3yH+3D/yKbOqqUNM"): Text ****** has been set on object 'Object Repository/Page_CURA Healthcare Service/input_Password_password'

2020-10-14 11:02:24 - [MESSAGE][PASSED] - Text ****** has been set on object 'Object Repository/Page_CURA Healthcare Service/input_Password_password'

2020-10-14 11:02:24 - [TEST_STEP][PASSED] - click(findTestObject("Object Repository/Page_CURA Healthcare Service/button_Login")): Object: 'Object Repository/Page_CURA Healthcare Service/button_Login' is clicked on

2020-10-14 11:02:25 - [MESSAGE][PASSED] - Object: 'Object Repository/Page_CURA Healthcare Service/button_Login' is clicked on

2020-10-14 11:02:25 - [TEST_STEP][PASSED] - waitForElementNotPresent(findTestObject("Object Repository/Page_CURA Healthcare Service/p_Login failed Please ensure the username a_eb55b5"), 10): Web element with id: 'Object Repository/Page_CURA Healthcare Service/p_Login failed Please ensure the username a_eb55b5' located by 'By.xpath: //section[@id='login']/div/div/div/p[2]' is present after '10' second(s)

2020-10-14 11:02:36 - [MESSAGE][WARNING] - Web element with id: 'Object Repository/Page_CURA Healthcare Service/p_Login failed Please ensure the username a_eb55b5' located by 'By.xpath: //section[@id='login']/div/div/div/p[2]' is present after '10' second(s)

2020-10-14 11:02:36 - [TEST_STEP][PASSED] - verifyElementText(findTestObject("Object Repository/Page_CURA Healthcare Service/p_Login failed Please ensure the username a_eb55b5"), "Login failed! Please ensure the username and password are valid."): Actual text and expected text of test object 'Object Repository/Page_CURA Healthcare Service/p_Login failed Please ensure the username a_eb55b5' are matched.

2020-10-14 11:02:37 - [MESSAGE][PASSED] - Actual text and expected text of test object 'Object Repository/Page_CURA Healthcare Service/p_Login failed Please ensure the username a_eb55b5' are matched.

2020-10-14 11:02:37 - [TEST_STEP][PASSED] - closeBrowser(): Browser is closed

2020-10-14 11:02:37 - [MESSAGE][PASSED] - Browser is closed]]></system-out>
         <system-err><![CDATA[]]></system-err>
      </testcase>
      <testcase name="Test Cases/id_true pw_false" time="26.272" classname="Test Cases/id_true pw_false" status="PASSED">
         <system-out><![CDATA[2020-10-14 11:02:37 - [TEST_CASE][PASSED] - Test Cases/id_true pw_false: Test Cases/id_true pw_false

2020-10-14 11:02:38 - [TEST_STEP][PASSED] - openBrowser(""): Browser is opened with url: ''

2020-10-14 11:02:38 - [MESSAGE][INFO] - Starting 'Chrome' driver

2020-10-14 11:02:38 - [MESSAGE][INFO] - Action delay is set to 0 milliseconds

2020-10-14 11:02:42 - [MESSAGE][PASSED] - Browser is opened with url: ''

2020-10-14 11:02:42 - [TEST_STEP][PASSED] - navigateToUrl(url_test): Navigate to 'https://katalon-demo-cura.herokuapp.com/' successfully

2020-10-14 11:02:46 - [MESSAGE][PASSED] - Navigate to 'https://katalon-demo-cura.herokuapp.com/' successfully

2020-10-14 11:02:46 - [TEST_STEP][PASSED] - click(findTestObject("Object Repository/Page_CURA Healthcare Service/a_CURA Healthcare_menu-toggle")): Object: 'Object Repository/Page_CURA Healthcare Service/a_CURA Healthcare_menu-toggle' is clicked on

2020-10-14 11:02:47 - [MESSAGE][PASSED] - Object: 'Object Repository/Page_CURA Healthcare Service/a_CURA Healthcare_menu-toggle' is clicked on

2020-10-14 11:02:47 - [TEST_STEP][PASSED] - click(findTestObject("Object Repository/Page_CURA Healthcare Service/a_Login")): Object: 'Object Repository/Page_CURA Healthcare Service/a_Login' is clicked on

2020-10-14 11:02:48 - [MESSAGE][PASSED] - Object: 'Object Repository/Page_CURA Healthcare Service/a_Login' is clicked on

2020-10-14 11:02:48 - [TEST_STEP][PASSED] - setText(findTestObject("Object Repository/Page_CURA Healthcare Service/input_Username_username"), id_true_test): Text 'John Doe' is set on object 'Object Repository/Page_CURA Healthcare Service/input_Username_username'

2020-10-14 11:02:49 - [MESSAGE][PASSED] - Text 'John Doe' is set on object 'Object Repository/Page_CURA Healthcare Service/input_Username_username'

2020-10-14 11:02:49 - [TEST_STEP][PASSED] - setEncryptedText(findTestObject("Object Repository/Page_CURA Healthcare Service/input_Password_password"), "P9ET2sDE0SE="): Text ****** has been set on object 'Object Repository/Page_CURA Healthcare Service/input_Password_password'

2020-10-14 11:02:49 - [MESSAGE][PASSED] - Text ****** has been set on object 'Object Repository/Page_CURA Healthcare Service/input_Password_password'

2020-10-14 11:02:49 - [TEST_STEP][PASSED] - click(findTestObject("Object Repository/Page_CURA Healthcare Service/button_Login")): Object: 'Object Repository/Page_CURA Healthcare Service/button_Login' is clicked on

2020-10-14 11:02:52 - [MESSAGE][PASSED] - Object: 'Object Repository/Page_CURA Healthcare Service/button_Login' is clicked on

2020-10-14 11:02:52 - [TEST_STEP][PASSED] - waitForElementNotPresent(findTestObject("Page_CURA Healthcare Service/p_Login failed Please ensure the username a_eb55b5"), 10): Web element with id: 'Object Repository/Page_CURA Healthcare Service/p_Login failed Please ensure the username a_eb55b5' located by 'By.xpath: //section[@id='login']/div/div/div/p[2]' is present after '10' second(s)

2020-10-14 11:03:02 - [MESSAGE][WARNING] - Web element with id: 'Object Repository/Page_CURA Healthcare Service/p_Login failed Please ensure the username a_eb55b5' located by 'By.xpath: //section[@id='login']/div/div/div/p[2]' is present after '10' second(s)

2020-10-14 11:03:02 - [TEST_STEP][PASSED] - verifyElementText(findTestObject("Object Repository/Page_CURA Healthcare Service/p_Login failed Please ensure the username a_eb55b5"), "Login failed! Please ensure the username and password are valid."): Actual text and expected text of test object 'Object Repository/Page_CURA Healthcare Service/p_Login failed Please ensure the username a_eb55b5' are matched.

2020-10-14 11:03:03 - [MESSAGE][PASSED] - Actual text and expected text of test object 'Object Repository/Page_CURA Healthcare Service/p_Login failed Please ensure the username a_eb55b5' are matched.

2020-10-14 11:03:03 - [TEST_STEP][PASSED] - closeBrowser(): Browser is closed

2020-10-14 11:03:04 - [MESSAGE][PASSED] - Browser is closed]]></system-out>
         <system-err><![CDATA[]]></system-err>
      </testcase>
      <testcase name="Test Cases/success" time="15.233" classname="Test Cases/success" status="PASSED">
         <system-out><![CDATA[2020-10-14 11:03:04 - [TEST_CASE][PASSED] - Test Cases/success: Test Cases/success

2020-10-14 11:03:04 - [TEST_STEP][PASSED] - openBrowser(""): Browser is opened with url: ''

2020-10-14 11:03:04 - [MESSAGE][INFO] - Starting 'Chrome' driver

2020-10-14 11:03:04 - [MESSAGE][INFO] - Action delay is set to 0 milliseconds

2020-10-14 11:03:08 - [MESSAGE][PASSED] - Browser is opened with url: ''

2020-10-14 11:03:08 - [TEST_STEP][PASSED] - navigateToUrl(url_test): Navigate to 'https://katalon-demo-cura.herokuapp.com/' successfully

2020-10-14 11:03:12 - [MESSAGE][PASSED] - Navigate to 'https://katalon-demo-cura.herokuapp.com/' successfully

2020-10-14 11:03:12 - [TEST_STEP][PASSED] - click(findTestObject("Object Repository/Page_CURA Healthcare Service/i_CURA Healthcare_fa fa-bars")): Object: 'Object Repository/Page_CURA Healthcare Service/i_CURA Healthcare_fa fa-bars' is clicked on

2020-10-14 11:03:13 - [MESSAGE][PASSED] - Object: 'Object Repository/Page_CURA Healthcare Service/i_CURA Healthcare_fa fa-bars' is clicked on

2020-10-14 11:03:13 - [TEST_STEP][PASSED] - click(findTestObject("Object Repository/Page_CURA Healthcare Service/a_Login")): Object: 'Object Repository/Page_CURA Healthcare Service/a_Login' is clicked on

2020-10-14 11:03:14 - [MESSAGE][PASSED] - Object: 'Object Repository/Page_CURA Healthcare Service/a_Login' is clicked on

2020-10-14 11:03:14 - [TEST_STEP][PASSED] - setText(findTestObject("Object Repository/Page_CURA Healthcare Service/input_Username_username"), id_true_test): Text 'John Doe' is set on object 'Object Repository/Page_CURA Healthcare Service/input_Username_username'

2020-10-14 11:03:15 - [MESSAGE][PASSED] - Text 'John Doe' is set on object 'Object Repository/Page_CURA Healthcare Service/input_Username_username'

2020-10-14 11:03:15 - [TEST_STEP][PASSED] - setEncryptedText(findTestObject("Object Repository/Page_CURA Healthcare Service/input_Password_password"), "g3/DOGG74jC3Flrr3yH+3D/yKbOqqUNM"): Text ****** has been set on object 'Object Repository/Page_CURA Healthcare Service/input_Password_password'

2020-10-14 11:03:15 - [MESSAGE][PASSED] - Text ****** has been set on object 'Object Repository/Page_CURA Healthcare Service/input_Password_password'

2020-10-14 11:03:15 - [TEST_STEP][PASSED] - click(findTestObject("Object Repository/Page_CURA Healthcare Service/button_Login")): Object: 'Object Repository/Page_CURA Healthcare Service/button_Login' is clicked on

2020-10-14 11:03:17 - [MESSAGE][PASSED] - Object: 'Object Repository/Page_CURA Healthcare Service/button_Login' is clicked on

2020-10-14 11:03:17 - [TEST_STEP][PASSED] - waitForElementPresent(findTestObject("Page_CURA Healthcare Service/div_Make Appointment"), 10): Object 'Object Repository/Page_CURA Healthcare Service/div_Make Appointment' is present

2020-10-14 11:03:17 - [MESSAGE][PASSED] - Object 'Object Repository/Page_CURA Healthcare Service/div_Make Appointment' is present

2020-10-14 11:03:17 - [TEST_STEP][PASSED] - verifyElementText(findTestObject("Page_CURA Healthcare Service/div_Make Appointment"), "Make Appointment"): Actual text and expected text of test object 'Object Repository/Page_CURA Healthcare Service/div_Make Appointment' are matched.

2020-10-14 11:03:18 - [MESSAGE][PASSED] - Actual text and expected text of test object 'Object Repository/Page_CURA Healthcare Service/div_Make Appointment' are matched.

2020-10-14 11:03:18 - [TEST_STEP][PASSED] - closeBrowser(): Browser is closed

2020-10-14 11:03:19 - [MESSAGE][PASSED] - Browser is closed]]></system-out>
         <system-err><![CDATA[]]></system-err>
      </testcase>
      <system-out><![CDATA[2020-10-14 11:01:14 - [TEST_SUITE][PASSED] - 5 test case login: Test Cases/success]]></system-out>
      <system-err><![CDATA[]]></system-err>
   </testsuite>
</testsuites>
